QSoft/Wearable/build/intermediates/manifest_merge_blame_file/release/manifest-merger-blame-release-report.txt
1<?xml version="1.0" encoding="utf-8"?>
2<!--
3     Copyright (C) 2021 The Android Open Source Project
4
5     Licensed under the Apache License, Version 2.0 (the "License");
6     you may not use this file except in compliance with the License.
7     You may obtain a copy of the License at
8
9          http://www.apache.org/licenses/LICENSE-2.0
10
11     Unless required by applicable law or agreed to in writing, software
12     distributed under the License is distributed on an "AS IS" BASIS,
13     WITHOUT WARRANTIES OR CONDITIONS OF ANY KIND, either express or implied.
14     See the License for the specific language governing permissions and
15     limitations under the License.
16-->
17<manifest xmlns:android="http://schemas.android.com/apk/res/android"
18    package="com.example.android.wearable.wear.wearverifyremoteapp"
19    android:versionCode="1"
20    android:versionName="1.0" >
21
22    <uses-sdk
23        android:minSdkVersion="26"
23-->src\main\AndroidManifest.xml
24        android:targetSdkVersion="30" />
24-->src\main\AndroidManifest.xml
25
26    <uses-feature android:name="android.hardware.type.watch" />
26-->src\main\AndroidManifest.xml:19:5-64
26-->src\main\AndroidManifest.xml:19:19-61
27
28    <application
28-->src\main\AndroidManifest.xml:21:5-42:19
29        android:allowBackup="true"
29-->src\main\AndroidManifest.xml:22:9-35
30        android:appComponentFactory="androidx.core.app.CoreComponentFactory"
30-->[androidx.core:core:1.6.0] AndroidManifest.xml:24:18-86
31        android:extractNativeLibs="false"
32        android:icon="@mipmap/ic_launcher"
32-->src\main\AndroidManifest.xml:23:9-43
33        android:label="@string/app_name"
33-->src\main\AndroidManifest.xml:24:9-41
34        android:supportsRtl="true"
34-->src\main\AndroidManifest.xml:25:9-35
35        android:theme="@style/Theme.AppCompat.NoActionBar" >
35-->src\main\AndroidManifest.xml:26:9-59
36        <meta-data
36-->src\main\AndroidManifest.xml:28:9-30:36
37            android:name="com.google.android.wearable.standalone"
37-->src\main\AndroidManifest.xml:29:13-66
38            android:value="true" />
38-->src\main\AndroidManifest.xml:30:13-33
39
40        <activity
40-->src\main\AndroidManifest.xml:32:9-40:20
41            android:name="com.example.android.wearable.wear.wearverifyremoteapp.MainWearActivity"
41-->src\main\AndroidManifest.xml:33:13-45
42            android:exported="true"
42-->src\main\AndroidManifest.xml:35:13-36
43            android:label="@string/app_name" >
43-->src\main\AndroidManifest.xml:34:13-45
44            <intent-filter>
44-->src\main\AndroidManifest.xml:36:13-39:29
45                <action android:name="android.intent.action.MAIN" />
45-->src\main\AndroidManifest.xml:37:17-69
45-->src\main\AndroidManifest.xml:37:25-66
46
47                <category android:name="android.intent.category.LAUNCHER" />
47-->src\main\AndroidManifest.xml:38:17-77
47-->src\main\AndroidManifest.xml:38:27-74
48            </intent-filter>
49        </activity>
50
51        <uses-library
51-->[androidx.wear:wear:1.2.0] AndroidManifest.xml:25:9-27:40
52            android:name="com.google.android.wearable"
52-->[androidx.wear:wear:1.2.0] AndroidManifest.xml:26:13-55
53            android:required="false" />
53-->[androidx.wear:wear:1.2.0] AndroidManifest.xml:27:13-37
54
55        <activity
55-->[com.google.android.gms:play-services-base:17.5.0] AndroidManifest.xml:23:9-26:75
56            android:name="com.google.android.gms.common.api.GoogleApiActivity"
56-->[com.google.android.gms:play-services-base:17.5.0] AndroidManifest.xml:24:13-79
57            android:exported="false"
57-->[com.google.android.gms:play-services-base:17.5.0] AndroidManifest.xml:25:13-37
58            android:theme="@android:style/Theme.Translucent.NoTitleBar" />
58-->[com.google.android.gms:play-services-base:17.5.0] AndroidManifest.xml:26:13-72
59
60        <meta-data
60-->[com.google.android.gms:play-services-basement:17.5.0] AndroidManifest.xml:23:9-25:69
61            android:name="com.google.android.gms.version"
61-->[com.google.android.gms:play-services-basement:17.5.0] AndroidManifest.xml:24:13-58
62            android:value="@integer/google_play_services_version" />
62-->[com.google.android.gms:play-services-basement:17.5.0] AndroidManifest.xml:25:13-66
63    </application>
64
65</manifest>